TN:
SF:C:\Users\otuyishime\jsTest\add.js
FN:1,add
FNF:1
FNH:1
FNDA:1,add
DA:2,1
DA:4,1
LF:2
LH:2
BRF:0
BRH:0
end_of_record
TN:
SF:C:\Users\otuyishime\jsTest\parse-stringfy.js
FN:2,(anonymous_0)
FN:9,(anonymous_1)
FN:17,(anonymous_2)
FN:19,(anonymous_3)
FN:26,(anonymous_4)
FNF:5
FNH:5
FNDA:1,(anonymous_0)
FNDA:1,(anonymous_1)
FNDA:1,(anonymous_2)
FNDA:1,(anonymous_3)
FNDA:1,(anonymous_4)
DA:2,1
DA:3,1
DA:4,1
DA:6,1
DA:7,1
DA:9,1
DA:10,1
DA:11,1
DA:14,1
DA:17,1
DA:18,1
DA:19,1
DA:22,1
DA:26,1
DA:27,1
DA:28,1
DA:29,1
DA:30,1
DA:33,1
DA:36,1
LF:20
LH:20
BRDA:3,0,0,1
BRDA:3,0,1,0
BRDA:19,1,0,1
BRDA:19,1,1,1
BRDA:19,1,2,0
BRF:5
BRH:3
end_of_record
TN:
SF:C:\Users\otuyishime\jsTest\users.js
FN:3,(anonymous_0)
FN:4,(anonymous_1)
FN:5,(anonymous_2)
FN:6,(anonymous_3)
FN:20,(anonymous_4)
FN:21,(anonymous_5)
FN:22,(anonymous_6)
FN:23,(anonymous_7)
FNF:8
FNH:8
FNDA:2,(anonymous_0)
FNDA:2,(anonymous_1)
FNDA:1,(anonymous_2)
FNDA:1,(anonymous_3)
FNDA:4,(anonymous_4)
FNDA:4,(anonymous_5)
FNDA:4,(anonymous_6)
FNDA:10,(anonymous_7)
DA:1,1
DA:3,1
DA:4,2
DA:5,2
DA:6,1
DA:8,1
DA:9,0
DA:12,1
DA:20,1
DA:21,4
DA:22,4
DA:23,10
DA:25,4
DA:26,1
DA:29,3
DA:37,1
LF:16
LH:15
BRDA:8,0,0,0
BRDA:8,0,1,1
BRDA:25,1,0,1
BRDA:25,1,1,3
BRF:4
BRH:3
end_of_record
TN:
SF:C:\Users\otuyishime\jsTest\db\users.js
FNF:0
FNH:0
DA:1,1
LF:1
LH:1
BRF:0
BRH:0
end_of_record
